The system is: Windows - 10.0.17763 - AMD64
Compiling the C compiler identification source file "CMakeCCompilerId.c" succeeded.
Compiler: C:/Program Files (x86)/Microsoft Visual Studio/2019/Community/VC/Tools/MSVC/14.22.27905/bin/Hostx64/x64/cl.exe 
Build flags: 
Id flags:  

The output was:
0
用于 x64 的 Microsoft (R) C/C++ 优化编译器 19.22.27905 版
版权所有(C) Microsoft Corporation。保留所有权利。

CMakeCCompilerId.c
Microsoft (R) Incremental Linker Version 14.22.27905.0
Copyright (C) Microsoft Corporation.  All rights reserved.

/out:CMakeCCompilerId.exe 
CMakeCCompilerId.obj 


Compilation of the C compiler identification source "CMakeCCompilerId.c" produced "CMakeCCompilerId.exe"

Compilation of the C compiler identification source "CMakeCCompilerId.c" produced "CMakeCCompilerId.obj"

The C compiler identification is MSVC, found in "C:/Users/18489/Desktop/大三上/计算机图形学 路径勿移动/期末/期末大作业-2.0/build/CMakeFiles/3.15.3/CompilerIdC/CMakeCCompilerId.exe"

Compiling the CXX compiler identification source file "CMakeCXXCompilerId.cpp" succeeded.
Compiler: C:/Program Files (x86)/Microsoft Visual Studio/2019/Community/VC/Tools/MSVC/14.22.27905/bin/Hostx64/x64/cl.exe 
Build flags: 
Id flags:  

The output was:
0
用于 x64 的 Microsoft (R) C/C++ 优化编译器 19.22.27905 版
版权所有(C) Microsoft Corporation。保留所有权利。

CMakeCXXCompilerId.cpp
Microsoft (R) Incremental Linker Version 14.22.27905.0
Copyright (C) Microsoft Corporation.  All rights reserved.

/out:CMakeCXXCompilerId.exe 
CMakeCXXCompilerId.obj 


Compilation of the CXX compiler identification source "CMakeCXXCompilerId.cpp" produced "CMakeCXXCompilerId.exe"

Compilation of the CXX compiler identification source "CMakeCXXCompilerId.cpp" produced "CMakeCXXCompilerId.obj"

The CXX compiler identification is MSVC, found in "C:/Users/18489/Desktop/大三上/计算机图形学 路径勿移动/期末/期末大作业-2.0/build/CMakeFiles/3.15.3/CompilerIdCXX/CMakeCXXCompilerId.exe"

Determining if the C compiler works passed with the following output:
Change Dir: C:/Users/18489/Desktop/大三上/计算机图形学 路径勿移动/期末/期末大作业-2.0/build/CMakeFiles/CMakeTmp

Run Build Command(s):C:/PROGRA~2/MICROS~1/2019/COMMUN~1/Common7/IDE/COMMON~1/MICROS~1/CMake/Ninja/ninja.exe cmTC_c0ee2 && [1/2] Building C object CMakeFiles\cmTC_c0ee2.dir\testCCompiler.c.obj
[2/2] Linking C executable cmTC_c0ee2.exe



Detecting C compiler ABI info compiled with the following output:
Change Dir: C:/Users/18489/Desktop/大三上/计算机图形学 路径勿移动/期末/期末大作业-2.0/build/CMakeFiles/CMakeTmp

Run Build Command(s):C:/PROGRA~2/MICROS~1/2019/COMMUN~1/Common7/IDE/COMMON~1/MICROS~1/CMake/Ninja/ninja.exe cmTC_601ab && [1/2] Building C object CMakeFiles\cmTC_601ab.dir\CMakeCCompilerABI.c.obj
[2/2] Linking C executable cmTC_601ab.exe



Determining if the CXX compiler works passed with the following output:
Change Dir: C:/Users/18489/Desktop/大三上/计算机图形学 路径勿移动/期末/期末大作业-2.0/build/CMakeFiles/CMakeTmp

Run Build Command(s):C:/PROGRA~2/MICROS~1/2019/COMMUN~1/Common7/IDE/COMMON~1/MICROS~1/CMake/Ninja/ninja.exe cmTC_77134 && [1/2] Building CXX object CMakeFiles\cmTC_77134.dir\testCXXCompiler.cxx.obj
[2/2] Linking CXX executable cmTC_77134.exe



Detecting CXX compiler ABI info compiled with the following output:
Change Dir: C:/Users/18489/Desktop/大三上/计算机图形学 路径勿移动/期末/期末大作业-2.0/build/CMakeFiles/CMakeTmp

Run Build Command(s):C:/PROGRA~2/MICROS~1/2019/COMMUN~1/Common7/IDE/COMMON~1/MICROS~1/CMake/Ninja/ninja.exe cmTC_db187 && [1/2] Building CXX object CMakeFiles\cmTC_db187.dir\CMakeCXXCompilerABI.cpp.obj
[2/2] Linking CXX executable cmTC_db187.exe



